<?xml version="1.0" encoding="UTF-8"?>
<!-- Generated by org.testng.reporters.JUnitXMLReporter -->
<testsuite hostname="DESKTOP-6I31IJP" ignored="0" name="EncorDashboard.TestScripts" tests="10" failures="0" timestamp="13 Mar 2019 13:30:13 GMT" time="0.379" errors="0">
  <testcase name="@BeforeMethod setUp" time="0.073" classname="EncorDashboard.TestScripts.UserAccess">
    <failure type="java.lang.IllegalStateException" message="The driver executable does not exist: C:\Users\leomahesh\git\EncorD-Dashboard\Library\chromedriver.exe">
      <![CDATA[java.lang.IllegalStateException: The driver executable does not exist: C:\Users\leomahesh\git\EncorD-Dashboard\Library\chromedriver.exe
at com.google.common.base.Preconditions.checkState(Preconditions.java:585)
at org.openqa.selenium.remote.service.DriverService.checkExecutable(DriverService.java:146)
at org.openqa.selenium.remote.service.DriverService.findExecutable(DriverService.java:141)
at org.openqa.selenium.chrome.ChromeDriverService.access$000(ChromeDriverService.java:35)
at org.openqa.selenium.chrome.ChromeDriverService$Builder.findDefaultExecutable(ChromeDriverService.java:159)
at org.openqa.selenium.remote.service.DriverService$Builder.build(DriverService.java:355)
at org.openqa.selenium.chrome.ChromeDriverService.createDefaultService(ChromeDriverService.java:94)
at org.openqa.selenium.chrome.ChromeDriver.<init>(ChromeDriver.java:123)
at EncorDashboard.GlobalLibrary.GlobalFunction.BrowsersSettings(GlobalFunction.java:37)
at EncorDashboard.TestScripts.UserAccess.setUp(UserAccess.java:18)
... Removed 28 stack frames]]>
    </failure>
  </testcase> <!-- @BeforeMethod setUp -->
  <testcase name="@AfterMethod tearDown" time="0.0" classname="EncorDashboard.TestScripts.UserAccess">
    <skipped/>
  </testcase> <!-- @AfterMethod tearDown -->
  <testcase name="@BeforeMethod setUp" time="0.011" classname="EncorDashboard.TestScripts.ChangeDashboard">
    <failure type="java.lang.IllegalStateException" message="The driver executable does not exist: C:\Users\leomahesh\git\EncorD-Dashboard\Library\chromedriver.exe">
      <![CDATA[java.lang.IllegalStateException: The driver executable does not exist: C:\Users\leomahesh\git\EncorD-Dashboard\Library\chromedriver.exe
at com.google.common.base.Preconditions.checkState(Preconditions.java:585)
at org.openqa.selenium.remote.service.DriverService.checkExecutable(DriverService.java:146)
at org.openqa.selenium.remote.service.DriverService.findExecutable(DriverService.java:141)
at org.openqa.selenium.chrome.ChromeDriverService.access$000(ChromeDriverService.java:35)
at org.openqa.selenium.chrome.ChromeDriverService$Builder.findDefaultExecutable(ChromeDriverService.java:159)
at org.openqa.selenium.remote.service.DriverService$Builder.build(DriverService.java:355)
at org.openqa.selenium.chrome.ChromeDriverService.createDefaultService(ChromeDriverService.java:94)
at org.openqa.selenium.chrome.ChromeDriver.<init>(ChromeDriver.java:123)
at EncorDashboard.GlobalLibrary.GlobalFunction.BrowsersSettings(GlobalFunction.java:37)
at EncorDashboard.TestScripts.ChangeDashboard.setUp(ChangeDashboard.java:26)
... Removed 28 stack frames]]>
    </failure>
  </testcase> <!-- @BeforeMethod setUp -->
  <testcase name="@AfterMethod tearDown" time="0.0" classname="EncorDashboard.TestScripts.ChangeDashboard">
    <skipped/>
  </testcase> <!-- @AfterMethod tearDown -->
  <testcase name="@BeforeMethod setUp" time="0.015" classname="EncorDashboard.TestScripts.ScoreCard">
    <failure type="java.lang.IllegalStateException" message="The driver executable does not exist: C:\Users\leomahesh\git\EncorD-Dashboard\Library\chromedriver.exe">
      <![CDATA[java.lang.IllegalStateException: The driver executable does not exist: C:\Users\leomahesh\git\EncorD-Dashboard\Library\chromedriver.exe
at com.google.common.base.Preconditions.checkState(Preconditions.java:585)
at org.openqa.selenium.remote.service.DriverService.checkExecutable(DriverService.java:146)
at org.openqa.selenium.remote.service.DriverService.findExecutable(DriverService.java:141)
at org.openqa.selenium.chrome.ChromeDriverService.access$000(ChromeDriverService.java:35)
at org.openqa.selenium.chrome.ChromeDriverService$Builder.findDefaultExecutable(ChromeDriverService.java:159)
at org.openqa.selenium.remote.service.DriverService$Builder.build(DriverService.java:355)
at org.openqa.selenium.chrome.ChromeDriverService.createDefaultService(ChromeDriverService.java:94)
at org.openqa.selenium.chrome.ChromeDriver.<init>(ChromeDriver.java:123)
at EncorDashboard.GlobalLibrary.GlobalFunction.BrowsersSettings(GlobalFunction.java:37)
at EncorDashboard.TestScripts.ScoreCard.setUp(ScoreCard.java:18)
... Removed 28 stack frames]]>
    </failure>
  </testcase> <!-- @BeforeMethod setUp -->
  <testcase name="@AfterMethod tearDown" time="0.0" classname="EncorDashboard.TestScripts.ScoreCard">
    <skipped/>
  </testcase> <!-- @AfterMethod tearDown -->
  <testcase name="@BeforeMethod setUp" time="0.015" classname="EncorDashboard.TestScripts.UserAdministration">
    <failure type="java.lang.IllegalStateException" message="The driver executable does not exist: C:\Users\leomahesh\git\EncorD-Dashboard\Library\chromedriver.exe">
      <![CDATA[java.lang.IllegalStateException: The driver executable does not exist: C:\Users\leomahesh\git\EncorD-Dashboard\Library\chromedriver.exe
at com.google.common.base.Preconditions.checkState(Preconditions.java:585)
at org.openqa.selenium.remote.service.DriverService.checkExecutable(DriverService.java:146)
at org.openqa.selenium.remote.service.DriverService.findExecutable(DriverService.java:141)
at org.openqa.selenium.chrome.ChromeDriverService.access$000(ChromeDriverService.java:35)
at org.openqa.selenium.chrome.ChromeDriverService$Builder.findDefaultExecutable(ChromeDriverService.java:159)
at org.openqa.selenium.remote.service.DriverService$Builder.build(DriverService.java:355)
at org.openqa.selenium.chrome.ChromeDriverService.createDefaultService(ChromeDriverService.java:94)
at org.openqa.selenium.chrome.ChromeDriver.<init>(ChromeDriver.java:123)
at EncorDashboard.GlobalLibrary.GlobalFunction.BrowsersSettings(GlobalFunction.java:37)
at EncorDashboard.TestScripts.UserAdministration.setUp(UserAdministration.java:23)
... Removed 28 stack frames]]>
    </failure>
  </testcase> <!-- @BeforeMethod setUp -->
  <testcase name="@AfterMethod tearDown" time="0.0" classname="EncorDashboard.TestScripts.UserAdministration">
    <skipped/>
  </testcase> <!-- @AfterMethod tearDown -->
  <testcase name="@BeforeMethod setUp" time="0.013" classname="EncorDashboard.TestScripts.SetResetDashboard">
    <failure type="java.lang.IllegalStateException" message="The driver executable does not exist: C:\Users\leomahesh\git\EncorD-Dashboard\Library\chromedriver.exe">
      <![CDATA[java.lang.IllegalStateException: The driver executable does not exist: C:\Users\leomahesh\git\EncorD-Dashboard\Library\chromedriver.exe
at com.google.common.base.Preconditions.checkState(Preconditions.java:585)
at org.openqa.selenium.remote.service.DriverService.checkExecutable(DriverService.java:146)
at org.openqa.selenium.remote.service.DriverService.findExecutable(DriverService.java:141)
at org.openqa.selenium.chrome.ChromeDriverService.access$000(ChromeDriverService.java:35)
at org.openqa.selenium.chrome.ChromeDriverService$Builder.findDefaultExecutable(ChromeDriverService.java:159)
at org.openqa.selenium.remote.service.DriverService$Builder.build(DriverService.java:355)
at org.openqa.selenium.chrome.ChromeDriverService.createDefaultService(ChromeDriverService.java:94)
at org.openqa.selenium.chrome.ChromeDriver.<init>(ChromeDriver.java:123)
at EncorDashboard.GlobalLibrary.GlobalFunction.BrowsersSettings(GlobalFunction.java:37)
at EncorDashboard.TestScripts.SetResetDashboard.setUp(SetResetDashboard.java:24)
... Removed 28 stack frames]]>
    </failure>
  </testcase> <!-- @BeforeMethod setUp -->
  <testcase name="@AfterMethod tearDown" time="0.0" classname="EncorDashboard.TestScripts.SetResetDashboard">
    <skipped/>
  </testcase> <!-- @AfterMethod tearDown -->
  <testcase name="@BeforeMethod setUp" time="0.015" classname="EncorDashboard.TestScripts.SetDashboardData">
    <failure type="java.lang.IllegalStateException" message="The driver executable does not exist: C:\Users\leomahesh\git\EncorD-Dashboard\Library\chromedriver.exe">
      <![CDATA[java.lang.IllegalStateException: The driver executable does not exist: C:\Users\leomahesh\git\EncorD-Dashboard\Library\chromedriver.exe
at com.google.common.base.Preconditions.checkState(Preconditions.java:585)
at org.openqa.selenium.remote.service.DriverService.checkExecutable(DriverService.java:146)
at org.openqa.selenium.remote.service.DriverService.findExecutable(DriverService.java:141)
at org.openqa.selenium.chrome.ChromeDriverService.access$000(ChromeDriverService.java:35)
at org.openqa.selenium.chrome.ChromeDriverService$Builder.findDefaultExecutable(ChromeDriverService.java:159)
at org.openqa.selenium.remote.service.DriverService$Builder.build(DriverService.java:355)
at org.openqa.selenium.chrome.ChromeDriverService.createDefaultService(ChromeDriverService.java:94)
at org.openqa.selenium.chrome.ChromeDriver.<init>(ChromeDriver.java:123)
at EncorDashboard.GlobalLibrary.GlobalFunction.BrowsersSettings(GlobalFunction.java:37)
at EncorDashboard.TestScripts.SetDashboardData.setUp(SetDashboardData.java:21)
... Removed 28 stack frames]]>
    </failure>
  </testcase> <!-- @BeforeMethod setUp -->
  <testcase name="@AfterMethod tearDown" time="0.0" classname="EncorDashboard.TestScripts.SetDashboardData">
    <skipped/>
  </testcase> <!-- @AfterMethod tearDown -->
  <testcase name="@BeforeMethod setUp" time="0.014" classname="EncorDashboard.TestScripts.SaveCurrentView">
    <failure type="java.lang.IllegalStateException" message="The driver executable does not exist: C:\Users\leomahesh\git\EncorD-Dashboard\Library\chromedriver.exe">
      <![CDATA[java.lang.IllegalStateException: The driver executable does not exist: C:\Users\leomahesh\git\EncorD-Dashboard\Library\chromedriver.exe
at com.google.common.base.Preconditions.checkState(Preconditions.java:585)
at org.openqa.selenium.remote.service.DriverService.checkExecutable(DriverService.java:146)
at org.openqa.selenium.remote.service.DriverService.findExecutable(DriverService.java:141)
at org.openqa.selenium.chrome.ChromeDriverService.access$000(ChromeDriverService.java:35)
at org.openqa.selenium.chrome.ChromeDriverService$Builder.findDefaultExecutable(ChromeDriverService.java:159)
at org.openqa.selenium.remote.service.DriverService$Builder.build(DriverService.java:355)
at org.openqa.selenium.chrome.ChromeDriverService.createDefaultService(ChromeDriverService.java:94)
at org.openqa.selenium.chrome.ChromeDriver.<init>(ChromeDriver.java:123)
at EncorDashboard.GlobalLibrary.GlobalFunction.BrowsersSettings(GlobalFunction.java:37)
at EncorDashboard.TestScripts.SaveCurrentView.setUp(SaveCurrentView.java:24)
... Removed 28 stack frames]]>
    </failure>
  </testcase> <!-- @BeforeMethod setUp -->
  <testcase name="@AfterMethod tearDown" time="0.0" classname="EncorDashboard.TestScripts.SaveCurrentView">
    <skipped/>
  </testcase> <!-- @AfterMethod tearDown -->
  <testcase name="@BeforeMethod setUp" time="0.011" classname="EncorDashboard.TestScripts.ExportFile">
    <failure type="java.lang.IllegalStateException" message="The driver executable does not exist: C:\Users\leomahesh\git\EncorD-Dashboard\Library\chromedriver.exe">
      <![CDATA[java.lang.IllegalStateException: The driver executable does not exist: C:\Users\leomahesh\git\EncorD-Dashboard\Library\chromedriver.exe
at com.google.common.base.Preconditions.checkState(Preconditions.java:585)
at org.openqa.selenium.remote.service.DriverService.checkExecutable(DriverService.java:146)
at org.openqa.selenium.remote.service.DriverService.findExecutable(DriverService.java:141)
at org.openqa.selenium.chrome.ChromeDriverService.access$000(ChromeDriverService.java:35)
at org.openqa.selenium.chrome.ChromeDriverService$Builder.findDefaultExecutable(ChromeDriverService.java:159)
at org.openqa.selenium.remote.service.DriverService$Builder.build(DriverService.java:355)
at org.openqa.selenium.chrome.ChromeDriverService.createDefaultService(ChromeDriverService.java:94)
at org.openqa.selenium.chrome.ChromeDriver.<init>(ChromeDriver.java:123)
at EncorDashboard.GlobalLibrary.GlobalFunction.BrowsersSettings(GlobalFunction.java:37)
at EncorDashboard.TestScripts.ExportFile.setUp(ExportFile.java:24)
... Removed 28 stack frames]]>
    </failure>
  </testcase> <!-- @BeforeMethod setUp -->
  <testcase name="@AfterMethod tearDown" time="0.0" classname="EncorDashboard.TestScripts.ExportFile">
    <skipped/>
  </testcase> <!-- @AfterMethod tearDown -->
  <testcase name="UserAccess" time="0.0" classname="EncorDashboard.TestScripts.UserAccess">
    <skipped/>
  </testcase> <!-- UserAccess -->
  <testcase name="VerifyDashboardData" time="0.0" classname="EncorDashboard.TestScripts.VerifyDashboardData">
    <skipped/>
  </testcase> <!-- VerifyDashboardData -->
  <testcase name="ChangeDashboard" time="0.0" classname="EncorDashboard.TestScripts.ChangeDashboard">
    <skipped/>
  </testcase> <!-- ChangeDashboard -->
  <testcase name="ScoreCardDashboard" time="0.0" classname="EncorDashboard.TestScripts.ScoreCard">
    <skipped/>
  </testcase> <!-- ScoreCardDashboard -->
  <testcase name="AddDashboard" time="0.0" classname="EncorDashboard.TestScripts.AddDashboard">
    <skipped/>
  </testcase> <!-- AddDashboard -->
  <testcase name="UserAdministration" time="0.0" classname="EncorDashboard.TestScripts.UserAdministration">
    <skipped/>
  </testcase> <!-- UserAdministration -->
  <testcase name="SetResetDashboard" time="0.0" classname="EncorDashboard.TestScripts.SetResetDashboard">
    <skipped/>
  </testcase> <!-- SetResetDashboard -->
  <testcase name="UserAccess" time="0.0" classname="EncorDashboard.TestScripts.SetDashboardData">
    <skipped/>
  </testcase> <!-- UserAccess -->
  <testcase name="SaveView" time="0.0" classname="EncorDashboard.TestScripts.SaveCurrentView">
    <skipped/>
  </testcase> <!-- SaveView -->
  <testcase name="ExportDashboard" time="0.0" classname="EncorDashboard.TestScripts.ExportFile">
    <skipped/>
  </testcase> <!-- ExportDashboard -->
</testsuite> <!-- EncorDashboard.TestScripts -->
